# JRE version: Java(TM) SE Runtime Environment (8.0_171-b11) (build 1.8.0_171-b11)
# Java VM: Java HotSpot(TM) 64-Bit Server VM (25.171-b11 mixed mode windows-amd64 compressed oops)
Heap:
 PSYoungGen      total 166912K, used 49785K [0x00000000d5580000, 0x00000000e5d00000, 0x0000000100000000)
  eden space 152064K, 32% used [0x00000000d5580000,0x00000000d861e400,0x00000000dea00000)
  from space 14848K, 0% used [0x00000000dea00000,0x00000000dea00000,0x00000000df880000)
  to   space 15360K, 0% used [0x00000000e4e00000,0x00000000e4e00000,0x00000000e5d00000)
 ParOldGen       total 99840K, used 31533K [0x0000000080000000, 0x0000000086180000, 0x00000000d5580000)
  object space 99840K, 31% used [0x0000000080000000,0x0000000081ecb410,0x0000000086180000)
 Metaspace       used 60996K, capacity 63876K, committed 64128K, reserved 1103872K
  class space    used 8483K, capacity 9038K, committed 9088K, reserved 1048576K
GC Heap History (10 events):
Event: 17.228 GC heap before
{Heap before GC invocations=14 (full 2):
 PSYoungGen      total 93184K, used 87765K [0x00000000d5580000, 0x00000000dd880000, 0x0000000100000000)
  eden space 82432K, 100% used [0x00000000d5580000,0x00000000da600000,0x00000000da600000)
  from space 10752K, 49% used [0x00000000da600000,0x00000000dab356b0,0x00000000db080000)
  to   space 10240K, 0% used [0x00000000dce80000,0x00000000dce80000,0x00000000dd880000)
 ParOldGen       total 74752K, used 15104K [0x0000000080000000, 0x0000000084900000, 0x00000000d5580000)
  object space 74752K, 20% used [0x0000000080000000,0x0000000080ec0010,0x0000000084900000)
 Metaspace       used 39853K, capacity 41960K, committed 42240K, reserved 1085440K
  class space    used 5630K, capacity 6036K, committed 6144K, reserved 1048576K
Event: 17.250 GC heap after
Heap after GC invocations=14 (full 2):
 PSYoungGen      total 120832K, used 6722K [0x00000000d5580000, 0x00000000dd700000, 0x0000000100000000)
  eden space 112128K, 0% used [0x00000000d5580000,0x00000000d5580000,0x00000000dc300000)
  from space 8704K, 77% used [0x00000000dce80000,0x00000000dd5109f0,0x00000000dd700000)
  to   space 10240K, 0% used [0x00000000dc300000,0x00000000dc300000,0x00000000dcd00000)
 ParOldGen       total 74752K, used 18052K [0x0000000080000000, 0x0000000084900000, 0x00000000d5580000)
  object space 74752K, 24% used [0x0000000080000000,0x00000000811a1050,0x0000000084900000)
 Metaspace       used 39853K, capacity 41960K, committed 42240K, reserved 1085440K
  class space    used 5630K, capacity 6036K, committed 6144K, reserved 1048576K
}
Event: 20.269 GC heap before
{Heap before GC invocations=15 (full 2):
 PSYoungGen      total 120832K, used 118850K [0x00000000d5580000, 0x00000000dd700000, 0x0000000100000000)
  eden space 112128K, 100% used [0x00000000d5580000,0x00000000dc300000,0x00000000dc300000)
  from space 8704K, 77% used [0x00000000dce80000,0x00000000dd5109f0,0x00000000dd700000)
  to   space 10240K, 0% used [0x00000000dc300000,0x00000000dc300000,0x00000000dcd00000)
 ParOldGen       total 74752K, used 18052K [0x0000000080000000, 0x0000000084900000, 0x00000000d5580000)
  object space 74752K, 24% used [0x0000000080000000,0x00000000811a1050,0x0000000084900000)
 Metaspace       used 50918K, capacity 53318K, committed 53632K, reserved 1095680K
  class space    used 7057K, capacity 7512K, committed 7552K, reserved 1048576K
Event: 20.314 GC heap after
Heap after GC invocations=15 (full 2):
 PSYoungGen      total 122368K, used 10215K [0x00000000d5580000, 0x00000000e0680000, 0x0000000100000000)
  eden space 112128K, 0% used [0x00000000d5580000,0x00000000d5580000,0x00000000dc300000)
  from space 10240K, 99% used [0x00000000dc300000,0x00000000dccf9f90,0x00000000dcd00000)
  to   space 14336K, 0% used [0x00000000df880000,0x00000000df880000,0x00000000e0680000)
 ParOldGen       total 74752K, used 25916K [0x0000000080000000, 0x0000000084900000, 0x00000000d5580000)
  object space 74752K, 34% used [0x0000000080000000,0x000000008194f350,0x0000000084900000)
 Metaspace       used 50918K, capacity 53318K, committed 53632K, reserved 1095680K
  class space    used 7057K, capacity 7512K, committed 7552K, reserved 1048576K
}
Event: 22.517 GC heap before
{Heap before GC invocations=16 (full 2):
 PSYoungGen      total 122368K, used 122343K [0x00000000d5580000, 0x00000000e0680000, 0x0000000100000000)
  eden space 112128K, 100% used [0x00000000d5580000,0x00000000dc300000,0x00000000dc300000)
  from space 10240K, 99% used [0x00000000dc300000,0x00000000dccf9f90,0x00000000dcd00000)
  to   space 14336K, 0% used [0x00000000df880000,0x00000000df880000,0x00000000e0680000)
 ParOldGen       total 74752K, used 25916K [0x0000000080000000, 0x0000000084900000, 0x00000000d5580000)
  object space 74752K, 34% used [0x0000000080000000,0x000000008194f350,0x0000000084900000)
 Metaspace       used 56361K, capacity 58984K, committed 59028K, reserved 1099776K
  class space    used 7697K, capacity 8176K, committed 8192K, reserved 1048576K
Event: 22.565 GC heap after
Heap after GC invocations=16 (full 2):
 PSYoungGen      total 166400K, used 10431K [0x00000000d5580000, 0x00000000e0900000, 0x0000000100000000)
  eden space 152064K, 0% used [0x00000000d5580000,0x00000000d5580000,0x00000000dea00000)
  from space 14336K, 72% used [0x00000000df880000,0x00000000e02aff70,0x00000000e0680000)
  to   space 14848K, 0% used [0x00000000dea00000,0x00000000dea00000,0x00000000df880000)
 ParOldGen       total 74752K, used 31936K [0x0000000080000000, 0x0000000084900000, 0x00000000d5580000)
  object space 74752K, 42% used [0x0000000080000000,0x0000000081f30150,0x0000000084900000)
 Metaspace       used 56361K, capacity 58984K, committed 59028K, reserved 1099776K
  class space    used 7697K, capacity 8176K, committed 8192K, reserved 1048576K
}
Event: 22.577 GC heap before
{Heap before GC invocations=17 (full 2):
 PSYoungGen      total 166400K, used 13400K [0x00000000d5580000, 0x00000000e0900000, 0x0000000100000000)
  eden space 152064K, 1% used [0x00000000d5580000,0x00000000d5866330,0x00000000dea00000)
  from space 14336K, 72% used [0x00000000df880000,0x00000000e02aff70,0x00000000e0680000)
  to   space 14848K, 0% used [0x00000000dea00000,0x00000000dea00000,0x00000000df880000)
 ParOldGen       total 74752K, used 31936K [0x0000000080000000, 0x0000000084900000, 0x00000000d5580000)
  object space 74752K, 42% used [0x0000000080000000,0x0000000081f30150,0x0000000084900000)
 Metaspace       used 56382K, capacity 58984K, committed 59028K, reserved 1099776K
  class space    used 7699K, capacity 8176K, committed 8192K, reserved 1048576K
Event: 22.601 GC heap after
Heap after GC invocations=17 (full 2):
 PSYoungGen      total 166912K, used 96K [0x00000000d5580000, 0x00000000e5d00000, 0x0000000100000000)
  eden space 152064K, 0% used [0x00000000d5580000,0x00000000d5580000,0x00000000dea00000)
  from space 14848K, 0% used [0x00000000dea00000,0x00000000dea18000,0x00000000df880000)
  to   space 15360K, 0% used [0x00000000e4e00000,0x00000000e4e00000,0x00000000e5d00000)
 ParOldGen       total 74752K, used 38546K [0x0000000080000000, 0x0000000084900000, 0x00000000d5580000)
  object space 74752K, 51% used [0x0000000080000000,0x00000000825a4968,0x0000000084900000)
 Metaspace       used 56382K, capacity 58984K, committed 59028K, reserved 1099776K
  class space    used 7699K, capacity 8176K, committed 8192K, reserved 1048576K
}
Event: 22.601 GC heap before
{Heap before GC invocations=18 (full 3):
 PSYoungGen      total 166912K, used 96K [0x00000000d5580000, 0x00000000e5d00000, 0x0000000100000000)
  eden space 152064K, 0% used [0x00000000d5580000,0x00000000d5580000,0x00000000dea00000)
  from space 14848K, 0% used [0x00000000dea00000,0x00000000dea18000,0x00000000df880000)
  to   space 15360K, 0% used [0x00000000e4e00000,0x00000000e4e00000,0x00000000e5d00000)
 ParOldGen       total 74752K, used 38546K [0x0000000080000000, 0x0000000084900000, 0x00000000d5580000)
  object space 74752K, 51% used [0x0000000080000000,0x00000000825a4968,0x0000000084900000)
 Metaspace       used 56382K, capacity 58984K, committed 59028K, reserved 1099776K
  class space    used 7699K, capacity 8176K, committed 8192K, reserved 1048576K
Event: 22.971 GC heap after
Heap after GC invocations=18 (full 3):
 PSYoungGen      total 166912K, used 0K [0x00000000d5580000, 0x00000000e5d00000, 0x0000000100000000)
  eden space 152064K, 0% used [0x00000000d5580000,0x00000000d5580000,0x00000000dea00000)
  from space 14848K, 0% used [0x00000000dea00000,0x00000000dea00000,0x00000000df880000)
  to   space 15360K, 0% used [0x00000000e4e00000,0x00000000e4e00000,0x00000000e5d00000)
 ParOldGen       total 99840K, used 31533K [0x0000000080000000, 0x0000000086180000, 0x00000000d5580000)
  object space 99840K, 31% used [0x0000000080000000,0x0000000081ecb410,0x0000000086180000)
 Metaspace       used 56366K, capacity 58930K, committed 59028K, reserved 1099776K
  class space    used 7694K, capacity 8167K, committed 8192K, reserved 1048576K
}

