# JRE version: Java(TM) SE Runtime Environment (8.0_171-b11) (build 1.8.0_171-b11)
# Java VM: Java HotSpot(TM) 64-Bit Server VM (25.171-b11 mixed mode windows-amd64 compressed oops)
Heap:
 PSYoungGen      total 158720K, used 61504K [0x00000000d5580000, 0x00000000e2580000, 0x0000000100000000)
  eden space 146944K, 33% used [0x00000000d5580000,0x00000000d8615a60,0x00000000de500000)
  from space 11776K, 99% used [0x00000000de500000,0x00000000df07a628,0x00000000df080000)
  to   space 16896K, 0% used [0x00000000e1500000,0x00000000e1500000,0x00000000e2580000)
 ParOldGen       total 84480K, used 25207K [0x0000000080000000, 0x0000000085280000, 0x00000000d5580000)
  object space 84480K, 29% used [0x0000000080000000,0x000000008189dd98,0x0000000085280000)
 Metaspace       used 52922K, capacity 54860K, committed 55040K, reserved 1097728K
  class space    used 7199K, capacity 7598K, committed 7680K, reserved 1048576K
GC Heap History (10 events):
Event: 9.953 GC heap before
{Heap before GC invocations=9 (full 1):
 PSYoungGen      total 76800K, used 74746K [0x00000000d5580000, 0x00000000dd200000, 0x0000000100000000)
  eden space 66048K, 100% used [0x00000000d5580000,0x00000000d9600000,0x00000000d9600000)
  from space 10752K, 80% used [0x00000000d9600000,0x00000000d9e7e930,0x00000000da080000)
  to   space 11264K, 0% used [0x00000000dc700000,0x00000000dc700000,0x00000000dd200000)
 ParOldGen       total 59392K, used 8874K [0x0000000080000000, 0x0000000083a00000, 0x00000000d5580000)
  object space 59392K, 14% used [0x0000000080000000,0x00000000808aa948,0x0000000083a00000)
 Metaspace       used 33049K, capacity 34126K, committed 34432K, reserved 1079296K
  class space    used 4621K, capacity 4884K, committed 4992K, reserved 1048576K
Event: 10.047 GC heap after
Heap after GC invocations=9 (full 1):
 PSYoungGen      total 115200K, used 9556K [0x00000000d5580000, 0x00000000ddb80000, 0x0000000100000000)
  eden space 103936K, 0% used [0x00000000d5580000,0x00000000d5580000,0x00000000dbb00000)
  from space 11264K, 84% used [0x00000000dc700000,0x00000000dd0550c0,0x00000000dd200000)
  to   space 12288K, 0% used [0x00000000dbb00000,0x00000000dbb00000,0x00000000dc700000)
 ParOldGen       total 59392K, used 8882K [0x0000000080000000, 0x0000000083a00000, 0x00000000d5580000)
  object space 59392K, 14% used [0x0000000080000000,0x00000000808ac948,0x0000000083a00000)
 Metaspace       used 33049K, capacity 34126K, committed 34432K, reserved 1079296K
  class space    used 4621K, capacity 4884K, committed 4992K, reserved 1048576K
}
Event: 10.604 GC heap before
{Heap before GC invocations=10 (full 1):
 PSYoungGen      total 115200K, used 37323K [0x00000000d5580000, 0x00000000ddb80000, 0x0000000100000000)
  eden space 103936K, 26% used [0x00000000d5580000,0x00000000d709dc18,0x00000000dbb00000)
  from space 11264K, 84% used [0x00000000dc700000,0x00000000dd0550c0,0x00000000dd200000)
  to   space 12288K, 0% used [0x00000000dbb00000,0x00000000dbb00000,0x00000000dc700000)
 ParOldGen       total 59392K, used 8882K [0x0000000080000000, 0x0000000083a00000, 0x00000000d5580000)
  object space 59392K, 14% used [0x0000000080000000,0x00000000808ac948,0x0000000083a00000)
 Metaspace       used 34335K, capacity 35426K, committed 35496K, reserved 1079296K
  class space    used 4839K, capacity 5096K, committed 5120K, reserved 1048576K
Event: 10.638 GC heap after
Heap after GC invocations=10 (full 1):
 PSYoungGen      total 116224K, used 8580K [0x00000000d5580000, 0x00000000e0180000, 0x0000000100000000)
  eden space 103936K, 0% used [0x00000000d5580000,0x00000000d5580000,0x00000000dbb00000)
  from space 12288K, 69% used [0x00000000dbb00000,0x00000000dc361088,0x00000000dc700000)
  to   space 12288K, 0% used [0x00000000df580000,0x00000000df580000,0x00000000e0180000)
 ParOldGen       total 59392K, used 8890K [0x0000000080000000, 0x0000000083a00000, 0x00000000d5580000)
  object space 59392K, 14% used [0x0000000080000000,0x00000000808ae948,0x0000000083a00000)
 Metaspace       used 34335K, capacity 35426K, committed 35496K, reserved 1079296K
  class space    used 4839K, capacity 5096K, committed 5120K, reserved 1048576K
}
Event: 10.638 GC heap before
{Heap before GC invocations=11 (full 2):
 PSYoungGen      total 116224K, used 8580K [0x00000000d5580000, 0x00000000e0180000, 0x0000000100000000)
  eden space 103936K, 0% used [0x00000000d5580000,0x00000000d5580000,0x00000000dbb00000)
  from space 12288K, 69% used [0x00000000dbb00000,0x00000000dc361088,0x00000000dc700000)
  to   space 12288K, 0% used [0x00000000df580000,0x00000000df580000,0x00000000e0180000)
 ParOldGen       total 59392K, used 8890K [0x0000000080000000, 0x0000000083a00000, 0x00000000d5580000)
  object space 59392K, 14% used [0x0000000080000000,0x00000000808ae948,0x0000000083a00000)
 Metaspace       used 34335K, capacity 35426K, committed 35496K, reserved 1079296K
  class space    used 4839K, capacity 5096K, committed 5120K, reserved 1048576K
Event: 10.752 GC heap after
Heap after GC invocations=11 (full 2):
 PSYoungGen      total 116224K, used 0K [0x00000000d5580000, 0x00000000e0180000, 0x0000000100000000)
  eden space 103936K, 0% used [0x00000000d5580000,0x00000000d5580000,0x00000000dbb00000)
  from space 12288K, 0% used [0x00000000dbb00000,0x00000000dbb00000,0x00000000dc700000)
  to   space 12288K, 0% used [0x00000000df580000,0x00000000df580000,0x00000000e0180000)
 ParOldGen       total 84480K, used 15039K [0x0000000080000000, 0x0000000085280000, 0x00000000d5580000)
  object space 84480K, 17% used [0x0000000080000000,0x0000000080eaff58,0x0000000085280000)
 Metaspace       used 34335K, capacity 35426K, committed 35496K, reserved 1079296K
  class space    used 4839K, capacity 5096K, committed 5120K, reserved 1048576K
}
Event: 12.679 GC heap before
{Heap before GC invocations=12 (full 2):
 PSYoungGen      total 116224K, used 103936K [0x00000000d5580000, 0x00000000e0180000, 0x0000000100000000)
  eden space 103936K, 100% used [0x00000000d5580000,0x00000000dbb00000,0x00000000dbb00000)
  from space 12288K, 0% used [0x00000000dbb00000,0x00000000dbb00000,0x00000000dc700000)
  to   space 12288K, 0% used [0x00000000df580000,0x00000000df580000,0x00000000e0180000)
 ParOldGen       total 84480K, used 15039K [0x0000000080000000, 0x0000000085280000, 0x00000000d5580000)
  object space 84480K, 17% used [0x0000000080000000,0x0000000080eaff58,0x0000000085280000)
 Metaspace       used 36823K, capacity 38216K, committed 38272K, reserved 1081344K
  class space    used 5174K, capacity 5453K, committed 5504K, reserved 1048576K
Event: 12.690 GC heap after
Heap after GC invocations=12 (full 2):
 PSYoungGen      total 144384K, used 6625K [0x00000000d5580000, 0x00000000dfc00000, 0x0000000100000000)
  eden space 137728K, 0% used [0x00000000d5580000,0x00000000d5580000,0x00000000ddc00000)
  from space 6656K, 99% used [0x00000000df580000,0x00000000dfbf85a0,0x00000000dfc00000)
  to   space 11776K, 0% used [0x00000000de500000,0x00000000de500000,0x00000000df080000)
 ParOldGen       total 84480K, used 15047K [0x0000000080000000, 0x0000000085280000, 0x00000000d5580000)
  object space 84480K, 17% used [0x0000000080000000,0x0000000080eb1f58,0x0000000085280000)
 Metaspace       used 36823K, capacity 38216K, committed 38272K, reserved 1081344K
  class space    used 5174K, capacity 5453K, committed 5504K, reserved 1048576K
}
Event: 19.352 GC heap before
{Heap before GC invocations=13 (full 2):
 PSYoungGen      total 144384K, used 144353K [0x00000000d5580000, 0x00000000dfc00000, 0x0000000100000000)
  eden space 137728K, 100% used [0x00000000d5580000,0x00000000ddc00000,0x00000000ddc00000)
  from space 6656K, 99% used [0x00000000df580000,0x00000000dfbf85a0,0x00000000dfc00000)
  to   space 11776K, 0% used [0x00000000de500000,0x00000000de500000,0x00000000df080000)
 ParOldGen       total 84480K, used 15047K [0x0000000080000000, 0x0000000085280000, 0x00000000d5580000)
  object space 84480K, 17% used [0x0000000080000000,0x0000000080eb1f58,0x0000000085280000)
 Metaspace       used 51409K, capacity 53382K, committed 53632K, reserved 1095680K
  class space    used 7000K, capacity 7427K, committed 7552K, reserved 1048576K
Event: 19.407 GC heap after
Heap after GC invocations=13 (full 2):
 PSYoungGen      total 158720K, used 11753K [0x00000000d5580000, 0x00000000e2580000, 0x0000000100000000)
  eden space 146944K, 0% used [0x00000000d5580000,0x00000000d5580000,0x00000000de500000)
  from space 11776K, 99% used [0x00000000de500000,0x00000000df07a628,0x00000000df080000)
  to   space 16896K, 0% used [0x00000000e1500000,0x00000000e1500000,0x00000000e2580000)
 ParOldGen       total 84480K, used 25207K [0x0000000080000000, 0x0000000085280000, 0x00000000d5580000)
  object space 84480K, 29% used [0x0000000080000000,0x000000008189dd98,0x0000000085280000)
 Metaspace       used 51409K, capacity 53382K, committed 53632K, reserved 1095680K
  class space    used 7000K, capacity 7427K, committed 7552K, reserved 1048576K
}

