# JRE version: Java(TM) SE Runtime Environment (8.0_171-b11) (build 1.8.0_171-b11)
# Java VM: Java HotSpot(TM) 64-Bit Server VM (25.171-b11 mixed mode windows-amd64 compressed oops)
Heap:
 PSYoungGen      total 647680K, used 191498K [0x00000000d5580000, 0x00000000fd800000, 0x0000000100000000)
  eden space 637440K, 29% used [0x00000000d5580000,0x00000000e0b3df60,0x00000000fc400000)
  from space 10240K, 52% used [0x00000000fc400000,0x00000000fc944990,0x00000000fce00000)
  to   space 8704K, 0% used [0x00000000fcf80000,0x00000000fcf80000,0x00000000fd800000)
 ParOldGen       total 74752K, used 27128K [0x0000000080000000, 0x0000000084900000, 0x00000000d5580000)
  object space 74752K, 36% used [0x0000000080000000,0x0000000081a7e0f0,0x0000000084900000)
 Metaspace       used 39327K, capacity 40932K, committed 41088K, reserved 1085440K
  class space    used 5292K, capacity 5645K, committed 5760K, reserved 1048576K
GC Heap History (10 events):
Event: 24.998 GC heap before
{Heap before GC invocations=19 (full 2):
 PSYoungGen      total 437248K, used 436800K [0x00000000d5580000, 0x00000000f1500000, 0x0000000100000000)
  eden space 434176K, 100% used [0x00000000d5580000,0x00000000efd80000,0x00000000efd80000)
  from space 3072K, 85% used [0x00000000f1200000,0x00000000f1490020,0x00000000f1500000)
  to   space 11776K, 0% used [0x00000000efe00000,0x00000000efe00000,0x00000000f0980000)
 ParOldGen       total 74752K, used 14992K [0x0000000080000000, 0x0000000084900000, 0x00000000d5580000)
  object space 74752K, 20% used [0x0000000080000000,0x0000000080ea4050,0x0000000084900000)
 Metaspace       used 36742K, capacity 38150K, committed 38272K, reserved 1081344K
  class space    used 5091K, capacity 5413K, committed 5504K, reserved 1048576K
Event: 25.011 GC heap after
Heap after GC invocations=19 (full 2):
 PSYoungGen      total 446464K, used 3793K [0x00000000d5580000, 0x00000000f6b80000, 0x0000000100000000)
  eden space 434688K, 0% used [0x00000000d5580000,0x00000000d5580000,0x00000000efe00000)
  from space 11776K, 32% used [0x00000000efe00000,0x00000000f01b4680,0x00000000f0980000)
  to   space 11264K, 0% used [0x00000000f6080000,0x00000000f6080000,0x00000000f6b80000)
 ParOldGen       total 74752K, used 17568K [0x0000000080000000, 0x0000000084900000, 0x00000000d5580000)
  object space 74752K, 23% used [0x0000000080000000,0x00000000811280a0,0x0000000084900000)
 Metaspace       used 36742K, capacity 38150K, committed 38272K, reserved 1081344K
  class space    used 5091K, capacity 5413K, committed 5504K, reserved 1048576K
}
Event: 26.305 GC heap before
{Heap before GC invocations=20 (full 2):
 PSYoungGen      total 446464K, used 438481K [0x00000000d5580000, 0x00000000f6b80000, 0x0000000100000000)
  eden space 434688K, 100% used [0x00000000d5580000,0x00000000efe00000,0x00000000efe00000)
  from space 11776K, 32% used [0x00000000efe00000,0x00000000f01b4680,0x00000000f0980000)
  to   space 11264K, 0% used [0x00000000f6080000,0x00000000f6080000,0x00000000f6b80000)
 ParOldGen       total 74752K, used 17568K [0x0000000080000000, 0x0000000084900000, 0x00000000d5580000)
  object space 74752K, 23% used [0x0000000080000000,0x00000000811280a0,0x0000000084900000)
 Metaspace       used 36743K, capacity 38150K, committed 38272K, reserved 1081344K
  class space    used 5091K, capacity 5413K, committed 5504K, reserved 1048576K
Event: 26.323 GC heap after
Heap after GC invocations=20 (full 2):
 PSYoungGen      total 536064K, used 4576K [0x00000000d5580000, 0x00000000f7200000, 0x0000000100000000)
  eden space 524800K, 0% used [0x00000000d5580000,0x00000000d5580000,0x00000000f5600000)
  from space 11264K, 40% used [0x00000000f6080000,0x00000000f64f8020,0x00000000f6b80000)
  to   space 10752K, 0% used [0x00000000f5600000,0x00000000f5600000,0x00000000f6080000)
 ParOldGen       total 74752K, used 21128K [0x0000000080000000, 0x0000000084900000, 0x00000000d5580000)
  object space 74752K, 28% used [0x0000000080000000,0x00000000814a20b0,0x0000000084900000)
 Metaspace       used 36743K, capacity 38150K, committed 38272K, reserved 1081344K
  class space    used 5091K, capacity 5413K, committed 5504K, reserved 1048576K
}
Event: 27.444 GC heap before
{Heap before GC invocations=21 (full 2):
 PSYoungGen      total 536064K, used 529376K [0x00000000d5580000, 0x00000000f7200000, 0x0000000100000000)
  eden space 524800K, 100% used [0x00000000d5580000,0x00000000f5600000,0x00000000f5600000)
  from space 11264K, 40% used [0x00000000f6080000,0x00000000f64f8020,0x00000000f6b80000)
  to   space 10752K, 0% used [0x00000000f5600000,0x00000000f5600000,0x00000000f6080000)
 ParOldGen       total 74752K, used 21128K [0x0000000080000000, 0x0000000084900000, 0x00000000d5580000)
  object space 74752K, 28% used [0x0000000080000000,0x00000000814a20b0,0x0000000084900000)
 Metaspace       used 36744K, capacity 38150K, committed 38272K, reserved 1081344K
  class space    used 5091K, capacity 5413K, committed 5504K, reserved 1048576K
Event: 27.452 GC heap after
Heap after GC invocations=21 (full 2):
 PSYoungGen      total 535552K, used 3006K [0x00000000d5580000, 0x00000000fd980000, 0x0000000100000000)
  eden space 524800K, 0% used [0x00000000d5580000,0x00000000d5580000,0x00000000f5600000)
  from space 10752K, 27% used [0x00000000f5600000,0x00000000f58efb80,0x00000000f6080000)
  to   space 10240K, 0% used [0x00000000fcf80000,0x00000000fcf80000,0x00000000fd980000)
 ParOldGen       total 74752K, used 23720K [0x0000000080000000, 0x0000000084900000, 0x00000000d5580000)
  object space 74752K, 31% used [0x0000000080000000,0x000000008172a0e0,0x0000000084900000)
 Metaspace       used 36744K, capacity 38150K, committed 38272K, reserved 1081344K
  class space    used 5091K, capacity 5413K, committed 5504K, reserved 1048576K
}
Event: 29.152 GC heap before
{Heap before GC invocations=22 (full 2):
 PSYoungGen      total 535552K, used 527806K [0x00000000d5580000, 0x00000000fd980000, 0x0000000100000000)
  eden space 524800K, 100% used [0x00000000d5580000,0x00000000f5600000,0x00000000f5600000)
  from space 10752K, 27% used [0x00000000f5600000,0x00000000f58efb80,0x00000000f6080000)
  to   space 10240K, 0% used [0x00000000fcf80000,0x00000000fcf80000,0x00000000fd980000)
 ParOldGen       total 74752K, used 23720K [0x0000000080000000, 0x0000000084900000, 0x00000000d5580000)
  object space 74752K, 31% used [0x0000000080000000,0x000000008172a0e0,0x0000000084900000)
 Metaspace       used 36744K, capacity 38150K, committed 38272K, reserved 1081344K
  class space    used 5091K, capacity 5413K, committed 5504K, reserved 1048576K
Event: 29.165 GC heap after
Heap after GC invocations=22 (full 2):
 PSYoungGen      total 646144K, used 5044K [0x00000000d5580000, 0x00000000fd800000, 0x0000000100000000)
  eden space 637440K, 0% used [0x00000000d5580000,0x00000000d5580000,0x00000000fc400000)
  from space 8704K, 57% used [0x00000000fcf80000,0x00000000fd46d258,0x00000000fd800000)
  to   space 10240K, 0% used [0x00000000fc400000,0x00000000fc400000,0x00000000fce00000)
 ParOldGen       total 74752K, used 26328K [0x0000000080000000, 0x0000000084900000, 0x00000000d5580000)
  object space 74752K, 35% used [0x0000000080000000,0x00000000819b60e0,0x0000000084900000)
 Metaspace       used 36744K, capacity 38150K, committed 38272K, reserved 1081344K
  class space    used 5091K, capacity 5413K, committed 5504K, reserved 1048576K
}
Event: 33.409 GC heap before
{Heap before GC invocations=23 (full 2):
 PSYoungGen      total 646144K, used 642484K [0x00000000d5580000, 0x00000000fd800000, 0x0000000100000000)
  eden space 637440K, 100% used [0x00000000d5580000,0x00000000fc400000,0x00000000fc400000)
  from space 8704K, 57% used [0x00000000fcf80000,0x00000000fd46d258,0x00000000fd800000)
  to   space 10240K, 0% used [0x00000000fc400000,0x00000000fc400000,0x00000000fce00000)
 ParOldGen       total 74752K, used 26328K [0x0000000080000000, 0x0000000084900000, 0x00000000d5580000)
  object space 74752K, 35% used [0x0000000080000000,0x00000000819b60e0,0x0000000084900000)
 Metaspace       used 36887K, capacity 38334K, committed 38528K, reserved 1083392K
  class space    used 5108K, capacity 5425K, committed 5504K, reserved 1048576K
Event: 33.425 GC heap after
Heap after GC invocations=23 (full 2):
 PSYoungGen      total 647680K, used 5394K [0x00000000d5580000, 0x00000000fd800000, 0x0000000100000000)
  eden space 637440K, 0% used [0x00000000d5580000,0x00000000d5580000,0x00000000fc400000)
  from space 10240K, 52% used [0x00000000fc400000,0x00000000fc944990,0x00000000fce00000)
  to   space 8704K, 0% used [0x00000000fcf80000,0x00000000fcf80000,0x00000000fd800000)
 ParOldGen       total 74752K, used 27128K [0x0000000080000000, 0x0000000084900000, 0x00000000d5580000)
  object space 74752K, 36% used [0x0000000080000000,0x0000000081a7e0f0,0x0000000084900000)
 Metaspace       used 36887K, capacity 38334K, committed 38528K, reserved 1083392K
  class space    used 5108K, capacity 5425K, committed 5504K, reserved 1048576K
}

