# JRE version: Java(TM) SE Runtime Environment (8.0_171-b11) (build 1.8.0_171-b11)
# Java VM: Java HotSpot(TM) 64-Bit Server VM (25.171-b11 mixed mode windows-amd64 compressed oops)
Heap:
 PSYoungGen      total 303616K, used 184001K [0x00000000d5580000, 0x00000000ec900000, 0x0000000100000000)
  eden space 253952K, 72% used [0x00000000d5580000,0x00000000e0930530,0x00000000e4d80000)
  from space 49664K, 0% used [0x00000000e4d80000,0x00000000e4d80000,0x00000000e7e00000)
  to   space 49152K, 0% used [0x00000000e9900000,0x00000000e9900000,0x00000000ec900000)
 ParOldGen       total 209920K, used 55816K [0x0000000080000000, 0x000000008cd00000, 0x00000000d5580000)
  object space 209920K, 26% used [0x0000000080000000,0x00000000836821a0,0x000000008cd00000)
 Metaspace       used 95716K, capacity 99444K, committed 102184K, reserved 1136640K
  class space    used 12883K, capacity 13636K, committed 14156K, reserved 1048576K
GC Heap History (10 events):
Event: 16.937 GC heap before
{Heap before GC invocations=17 (full 3):
 PSYoungGen      total 212992K, used 210242K [0x00000000d5580000, 0x00000000e6580000, 0x0000000100000000)
  eden space 193024K, 100% used [0x00000000d5580000,0x00000000e1200000,0x00000000e1200000)
  from space 19968K, 86% used [0x00000000e1200000,0x00000000e22d0880,0x00000000e2580000)
  to   space 22016K, 0% used [0x00000000e5000000,0x00000000e5000000,0x00000000e6580000)
 ParOldGen       total 133632K, used 34955K [0x0000000080000000, 0x0000000088280000, 0x00000000d5580000)
  object space 133632K, 26% used [0x0000000080000000,0x0000000082222da0,0x0000000088280000)
 Metaspace       used 78525K, capacity 82198K, committed 82352K, reserved 1120256K
  class space    used 10974K, capacity 11685K, committed 11724K, reserved 1048576K
Event: 16.975 GC heap after
Heap after GC invocations=17 (full 3):
 PSYoungGen      total 251392K, used 22015K [0x00000000d5580000, 0x00000000e6d00000, 0x0000000100000000)
  eden space 229376K, 0% used [0x00000000d5580000,0x00000000d5580000,0x00000000e3580000)
  from space 22016K, 99% used [0x00000000e5000000,0x00000000e657fee0,0x00000000e6580000)
  to   space 27136K, 0% used [0x00000000e3580000,0x00000000e3580000,0x00000000e5000000)
 ParOldGen       total 133632K, used 41081K [0x0000000080000000, 0x0000000088280000, 0x00000000d5580000)
  object space 133632K, 30% used [0x0000000080000000,0x000000008281e570,0x0000000088280000)
 Metaspace       used 78525K, capacity 82198K, committed 82352K, reserved 1120256K
  class space    used 10974K, capacity 11685K, committed 11724K, reserved 1048576K
}
Event: 917.560 GC heap before
{Heap before GC invocations=18 (full 3):
 PSYoungGen      total 251392K, used 251391K [0x00000000d5580000, 0x00000000e6d00000, 0x0000000100000000)
  eden space 229376K, 100% used [0x00000000d5580000,0x00000000e3580000,0x00000000e3580000)
  from space 22016K, 99% used [0x00000000e5000000,0x00000000e657fee0,0x00000000e6580000)
  to   space 27136K, 0% used [0x00000000e3580000,0x00000000e3580000,0x00000000e5000000)
 ParOldGen       total 133632K, used 41081K [0x0000000080000000, 0x0000000088280000, 0x00000000d5580000)
  object space 133632K, 30% used [0x0000000080000000,0x000000008281e570,0x0000000088280000)
 Metaspace       used 91496K, capacity 96166K, committed 96432K, reserved 1132544K
  class space    used 12516K, capacity 13434K, committed 13516K, reserved 1048576K
Event: 917.669 GC heap after
Heap after GC invocations=18 (full 3):
 PSYoungGen      total 256512K, used 27132K [0x00000000d5580000, 0x00000000ea180000, 0x0000000100000000)
  eden space 229376K, 0% used [0x00000000d5580000,0x00000000d5580000,0x00000000e3580000)
  from space 27136K, 99% used [0x00000000e3580000,0x00000000e4fff048,0x00000000e5000000)
  to   space 36352K, 0% used [0x00000000e7e00000,0x00000000e7e00000,0x00000000ea180000)
 ParOldGen       total 133632K, used 54834K [0x0000000080000000, 0x0000000088280000, 0x00000000d5580000)
  object space 133632K, 41% used [0x0000000080000000,0x000000008358caa0,0x0000000088280000)
 Metaspace       used 91496K, capacity 96166K, committed 96432K, reserved 1132544K
  class space    used 12516K, capacity 13434K, committed 13516K, reserved 1048576K
}
Event: 3777.545 GC heap before
{Heap before GC invocations=19 (full 3):
 PSYoungGen      total 256512K, used 256508K [0x00000000d5580000, 0x00000000ea180000, 0x0000000100000000)
  eden space 229376K, 100% used [0x00000000d5580000,0x00000000e3580000,0x00000000e3580000)
  from space 27136K, 99% used [0x00000000e3580000,0x00000000e4fff048,0x00000000e5000000)
  to   space 36352K, 0% used [0x00000000e7e00000,0x00000000e7e00000,0x00000000ea180000)
 ParOldGen       total 133632K, used 54834K [0x0000000080000000, 0x0000000088280000, 0x00000000d5580000)
  object space 133632K, 41% used [0x0000000080000000,0x000000008358caa0,0x0000000088280000)
 Metaspace       used 94247K, capacity 99086K, committed 99248K, reserved 1134592K
  class space    used 12824K, capacity 13750K, committed 13772K, reserved 1048576K
Event: 3777.913 GC heap after
Heap after GC invocations=19 (full 3):
 PSYoungGen      total 290304K, used 36346K [0x00000000d5580000, 0x00000000eb480000, 0x0000000100000000)
  eden space 253952K, 0% used [0x00000000d5580000,0x00000000d5580000,0x00000000e4d80000)
  from space 36352K, 99% used [0x00000000e7e00000,0x00000000ea17e9d8,0x00000000ea180000)
  to   space 49664K, 0% used [0x00000000e4d80000,0x00000000e4d80000,0x00000000e7e00000)
 ParOldGen       total 133632K, used 74379K [0x0000000080000000, 0x0000000088280000, 0x00000000d5580000)
  object space 133632K, 55% used [0x0000000080000000,0x00000000848a2c58,0x0000000088280000)
 Metaspace       used 94247K, capacity 99086K, committed 99248K, reserved 1134592K
  class space    used 12824K, capacity 13750K, committed 13772K, reserved 1048576K
}
Event: 3780.414 GC heap before
{Heap before GC invocations=20 (full 3):
 PSYoungGen      total 290304K, used 82956K [0x00000000d5580000, 0x00000000eb480000, 0x0000000100000000)
  eden space 253952K, 18% used [0x00000000d5580000,0x00000000d83046b0,0x00000000e4d80000)
  from space 36352K, 99% used [0x00000000e7e00000,0x00000000ea17e9d8,0x00000000ea180000)
  to   space 49664K, 0% used [0x00000000e4d80000,0x00000000e4d80000,0x00000000e7e00000)
 ParOldGen       total 133632K, used 74379K [0x0000000080000000, 0x0000000088280000, 0x00000000d5580000)
  object space 133632K, 55% used [0x0000000080000000,0x00000000848a2c58,0x0000000088280000)
 Metaspace       used 95198K, capacity 100038K, committed 100136K, reserved 1136640K
  class space    used 12953K, capacity 13876K, committed 13900K, reserved 1048576K
Event: 3780.487 GC heap after
Heap after GC invocations=20 (full 3):
 PSYoungGen      total 303616K, used 2106K [0x00000000d5580000, 0x00000000ec900000, 0x0000000100000000)
  eden space 253952K, 0% used [0x00000000d5580000,0x00000000d5580000,0x00000000e4d80000)
  from space 49664K, 4% used [0x00000000e4d80000,0x00000000e4f8e988,0x00000000e7e00000)
  to   space 49152K, 0% used [0x00000000e9900000,0x00000000e9900000,0x00000000ec900000)
 ParOldGen       total 133632K, used 108338K [0x0000000080000000, 0x0000000088280000, 0x00000000d5580000)
  object space 133632K, 81% used [0x0000000080000000,0x00000000869cca58,0x0000000088280000)
 Metaspace       used 95198K, capacity 100038K, committed 100136K, reserved 1136640K
  class space    used 12953K, capacity 13876K, committed 13900K, reserved 1048576K
}
Event: 3780.487 GC heap before
{Heap before GC invocations=21 (full 4):
 PSYoungGen      total 303616K, used 2106K [0x00000000d5580000, 0x00000000ec900000, 0x0000000100000000)
  eden space 253952K, 0% used [0x00000000d5580000,0x00000000d5580000,0x00000000e4d80000)
  from space 49664K, 4% used [0x00000000e4d80000,0x00000000e4f8e988,0x00000000e7e00000)
  to   space 49152K, 0% used [0x00000000e9900000,0x00000000e9900000,0x00000000ec900000)
 ParOldGen       total 133632K, used 108338K [0x0000000080000000, 0x0000000088280000, 0x00000000d5580000)
  object space 133632K, 81% used [0x0000000080000000,0x00000000869cca58,0x0000000088280000)
 Metaspace       used 95198K, capacity 100038K, committed 100136K, reserved 1136640K
  class space    used 12953K, capacity 13876K, committed 13900K, reserved 1048576K
Event: 3781.618 GC heap after
Heap after GC invocations=21 (full 4):
 PSYoungGen      total 303616K, used 0K [0x00000000d5580000, 0x00000000ec900000, 0x0000000100000000)
  eden space 253952K, 0% used [0x00000000d5580000,0x00000000d5580000,0x00000000e4d80000)
  from space 49664K, 0% used [0x00000000e4d80000,0x00000000e4d80000,0x00000000e7e00000)
  to   space 49152K, 0% used [0x00000000e9900000,0x00000000e9900000,0x00000000ec900000)
 ParOldGen       total 209920K, used 55816K [0x0000000080000000, 0x000000008cd00000, 0x00000000d5580000)
  object space 209920K, 26% used [0x0000000080000000,0x00000000836821a0,0x000000008cd00000)
 Metaspace       used 93751K, capacity 97200K, committed 100136K, reserved 1136640K
  class space    used 12654K, capacity 13346K, committed 13900K, reserved 1048576K
}

