# JRE version: Java(TM) SE Runtime Environment (8.0_171-b11) (build 1.8.0_171-b11)
# Java VM: Java HotSpot(TM) 64-Bit Server VM (25.171-b11 mixed mode windows-amd64 compressed oops)
Heap:
 PSYoungGen      total 254976K, used 118295K [0x00000000d5580000, 0x00000000eaf00000, 0x0000000100000000)
  eden space 227328K, 52% used [0x00000000d5580000,0x00000000dc905ea0,0x00000000e3380000)
  from space 27648K, 0% used [0x00000000e3380000,0x00000000e3380000,0x00000000e4e80000)
  to   space 36864K, 0% used [0x00000000e8b00000,0x00000000e8b00000,0x00000000eaf00000)
 ParOldGen       total 152576K, used 108695K [0x0000000080000000, 0x0000000089500000, 0x00000000d5580000)
  object space 152576K, 71% used [0x0000000080000000,0x0000000086a25d30,0x0000000089500000)
 Metaspace       used 101391K, capacity 107250K, committed 107520K, reserved 1142784K
  class space    used 13689K, capacity 14748K, committed 14848K, reserved 1048576K
GC Heap History (10 events):
Event: 18.904 GC heap before
{Heap before GC invocations=15 (full 3):
 PSYoungGen      total 210432K, used 208464K [0x00000000d5580000, 0x00000000e6680000, 0x0000000100000000)
  eden space 188416K, 100% used [0x00000000d5580000,0x00000000e0d80000,0x00000000e0d80000)
  from space 22016K, 91% used [0x00000000e0d80000,0x00000000e21142d0,0x00000000e2300000)
  to   space 24576K, 0% used [0x00000000e4e80000,0x00000000e4e80000,0x00000000e6680000)
 ParOldGen       total 152576K, used 34753K [0x0000000080000000, 0x0000000089500000, 0x00000000d5580000)
  object space 152576K, 22% used [0x0000000080000000,0x00000000821f07d0,0x0000000089500000)
 Metaspace       used 73371K, capacity 77414K, committed 77696K, reserved 1116160K
  class space    used 10275K, capacity 11012K, committed 11136K, reserved 1048576K
Event: 19.015 GC heap after
Heap after GC invocations=15 (full 3):
 PSYoungGen      total 251904K, used 22726K [0x00000000d5580000, 0x00000000e7100000, 0x0000000100000000)
  eden space 227328K, 0% used [0x00000000d5580000,0x00000000d5580000,0x00000000e3380000)
  from space 24576K, 92% used [0x00000000e4e80000,0x00000000e64b1ad8,0x00000000e6680000)
  to   space 27648K, 0% used [0x00000000e3380000,0x00000000e3380000,0x00000000e4e80000)
 ParOldGen       total 152576K, used 34761K [0x0000000080000000, 0x0000000089500000, 0x00000000d5580000)
  object space 152576K, 22% used [0x0000000080000000,0x00000000821f27d0,0x0000000089500000)
 Metaspace       used 73371K, capacity 77414K, committed 77696K, reserved 1116160K
  class space    used 10275K, capacity 11012K, committed 11136K, reserved 1048576K
}
Event: 27.460 GC heap before
{Heap before GC invocations=16 (full 3):
 PSYoungGen      total 251904K, used 250054K [0x00000000d5580000, 0x00000000e7100000, 0x0000000100000000)
  eden space 227328K, 100% used [0x00000000d5580000,0x00000000e3380000,0x00000000e3380000)
  from space 24576K, 92% used [0x00000000e4e80000,0x00000000e64b1ad8,0x00000000e6680000)
  to   space 27648K, 0% used [0x00000000e3380000,0x00000000e3380000,0x00000000e4e80000)
 ParOldGen       total 152576K, used 34761K [0x0000000080000000, 0x0000000089500000, 0x00000000d5580000)
  object space 152576K, 22% used [0x0000000080000000,0x00000000821f27d0,0x0000000089500000)
 Metaspace       used 84526K, capacity 89050K, committed 89216K, reserved 1126400K
  class space    used 11584K, capacity 12387K, committed 12416K, reserved 1048576K
Event: 27.578 GC heap after
Heap after GC invocations=16 (full 3):
 PSYoungGen      total 254976K, used 27620K [0x00000000d5580000, 0x00000000eaf00000, 0x0000000100000000)
  eden space 227328K, 0% used [0x00000000d5580000,0x00000000d5580000,0x00000000e3380000)
  from space 27648K, 99% used [0x00000000e3380000,0x00000000e4e79000,0x00000000e4e80000)
  to   space 36864K, 0% used [0x00000000e8b00000,0x00000000e8b00000,0x00000000eaf00000)
 ParOldGen       total 152576K, used 49338K [0x0000000080000000, 0x0000000089500000, 0x00000000d5580000)
  object space 152576K, 32% used [0x0000000080000000,0x000000008302e8b0,0x0000000089500000)
 Metaspace       used 84526K, capacity 89050K, committed 89216K, reserved 1126400K
  class space    used 11584K, capacity 12387K, committed 12416K, reserved 1048576K
}
Event: 46.407 GC heap before
{Heap before GC invocations=17 (full 3):
 PSYoungGen      total 254976K, used 254948K [0x00000000d5580000, 0x00000000eaf00000, 0x0000000100000000)
  eden space 227328K, 100% used [0x00000000d5580000,0x00000000e3380000,0x00000000e3380000)
  from space 27648K, 99% used [0x00000000e3380000,0x00000000e4e79000,0x00000000e4e80000)
  to   space 36864K, 0% used [0x00000000e8b00000,0x00000000e8b00000,0x00000000eaf00000)
 ParOldGen       total 152576K, used 49338K [0x0000000080000000, 0x0000000089500000, 0x00000000d5580000)
  object space 152576K, 32% used [0x0000000080000000,0x000000008302e8b0,0x0000000089500000)
 Metaspace       used 90556K, capacity 95196K, committed 95360K, reserved 1132544K
  class space    used 12102K, capacity 12915K, committed 12928K, reserved 1048576K
Event: 46.723 GC heap after
Heap after GC invocations=17 (full 3):
 PSYoungGen      total 264192K, used 36850K [0x00000000d5580000, 0x00000000eaf00000, 0x0000000100000000)
  eden space 227328K, 0% used [0x00000000d5580000,0x00000000d5580000,0x00000000e3380000)
  from space 36864K, 99% used [0x00000000e8b00000,0x00000000eaefc9a0,0x00000000eaf00000)
  to   space 27648K, 0% used [0x00000000e3380000,0x00000000e3380000,0x00000000e4e80000)
 ParOldGen       total 152576K, used 71233K [0x0000000080000000, 0x0000000089500000, 0x00000000d5580000)
  object space 152576K, 46% used [0x0000000080000000,0x0000000084590620,0x0000000089500000)
 Metaspace       used 90556K, capacity 95196K, committed 95360K, reserved 1132544K
  class space    used 12102K, capacity 12915K, committed 12928K, reserved 1048576K
}
Event: 55.600 GC heap before
{Heap before GC invocations=18 (full 3):
 PSYoungGen      total 264192K, used 140411K [0x00000000d5580000, 0x00000000eaf00000, 0x0000000100000000)
  eden space 227328K, 45% used [0x00000000d5580000,0x00000000dbaa24e0,0x00000000e3380000)
  from space 36864K, 99% used [0x00000000e8b00000,0x00000000eaefc9a0,0x00000000eaf00000)
  to   space 27648K, 0% used [0x00000000e3380000,0x00000000e3380000,0x00000000e4e80000)
 ParOldGen       total 152576K, used 71233K [0x0000000080000000, 0x0000000089500000, 0x00000000d5580000)
  object space 152576K, 46% used [0x0000000080000000,0x0000000084590620,0x0000000089500000)
 Metaspace       used 93474K, capacity 98282K, committed 98380K, reserved 1134592K
  class space    used 12448K, capacity 13260K, committed 13312K, reserved 1048576K
Event: 55.801 GC heap after
Heap after GC invocations=18 (full 3):
 PSYoungGen      total 254976K, used 27628K [0x00000000d5580000, 0x00000000eaf00000, 0x0000000100000000)
  eden space 227328K, 0% used [0x00000000d5580000,0x00000000d5580000,0x00000000e3380000)
  from space 27648K, 99% used [0x00000000e3380000,0x00000000e4e7b0f8,0x00000000e4e80000)
  to   space 36864K, 0% used [0x00000000e8b00000,0x00000000e8b00000,0x00000000eaf00000)
 ParOldGen       total 152576K, used 87508K [0x0000000080000000, 0x0000000089500000, 0x00000000d5580000)
  object space 152576K, 57% used [0x0000000080000000,0x0000000085575158,0x0000000089500000)
 Metaspace       used 93474K, capacity 98282K, committed 98380K, reserved 1134592K
  class space    used 12448K, capacity 13260K, committed 13312K, reserved 1048576K
}
Event: 55.801 GC heap before
{Heap before GC invocations=19 (full 4):
 PSYoungGen      total 254976K, used 27628K [0x00000000d5580000, 0x00000000eaf00000, 0x0000000100000000)
  eden space 227328K, 0% used [0x00000000d5580000,0x00000000d5580000,0x00000000e3380000)
  from space 27648K, 99% used [0x00000000e3380000,0x00000000e4e7b0f8,0x00000000e4e80000)
  to   space 36864K, 0% used [0x00000000e8b00000,0x00000000e8b00000,0x00000000eaf00000)
 ParOldGen       total 152576K, used 87508K [0x0000000080000000, 0x0000000089500000, 0x00000000d5580000)
  object space 152576K, 57% used [0x0000000080000000,0x0000000085575158,0x0000000089500000)
 Metaspace       used 93474K, capacity 98282K, committed 98380K, reserved 1134592K
  class space    used 12448K, capacity 13260K, committed 13312K, reserved 1048576K
Event: 57.149 GC heap after
Heap after GC invocations=19 (full 4):
 PSYoungGen      total 254976K, used 0K [0x00000000d5580000, 0x00000000eaf00000, 0x0000000100000000)
  eden space 227328K, 0% used [0x00000000d5580000,0x00000000d5580000,0x00000000e3380000)
  from space 27648K, 0% used [0x00000000e3380000,0x00000000e3380000,0x00000000e4e80000)
  to   space 36864K, 0% used [0x00000000e8b00000,0x00000000e8b00000,0x00000000eaf00000)
 ParOldGen       total 152576K, used 108695K [0x0000000080000000, 0x0000000089500000, 0x00000000d5580000)
  object space 152576K, 71% used [0x0000000080000000,0x0000000086a25d30,0x0000000089500000)
 Metaspace       used 93422K, capacity 98120K, committed 98380K, reserved 1134592K
  class space    used 12431K, capacity 13231K, committed 13312K, reserved 1048576K
}

