# JRE version: Java(TM) SE Runtime Environment (8.0_171-b11) (build 1.8.0_171-b11)
# Java VM: Java HotSpot(TM) 64-Bit Server VM (25.171-b11 mixed mode windows-amd64 compressed oops)
Heap:
 PSYoungGen      total 183296K, used 22648K [0x00000000d5580000, 0x00000000e2380000, 0x0000000100000000)
  eden space 162816K, 4% used [0x00000000d5580000,0x00000000d5c006d0,0x00000000df480000)
  from space 20480K, 78% used [0x00000000df480000,0x00000000e041dc80,0x00000000e0880000)
  to   space 16384K, 0% used [0x00000000e0880000,0x00000000e0880000,0x00000000e1880000)
 ParOldGen       total 88576K, used 34574K [0x0000000080000000, 0x0000000085680000, 0x00000000d5580000)
  object space 88576K, 39% used [0x0000000080000000,0x00000000821c39a8,0x0000000085680000)
 Metaspace       used 65954K, capacity 68824K, committed 68992K, reserved 1107968K
  class space    used 9278K, capacity 9831K, committed 9856K, reserved 1048576K
GC Heap History (10 events):
Event: 20.277 GC heap before
{Heap before GC invocations=12 (full 2):
 PSYoungGen      total 112128K, used 99840K [0x00000000d5580000, 0x00000000df380000, 0x0000000100000000)
  eden space 99840K, 100% used [0x00000000d5580000,0x00000000db700000,0x00000000db700000)
  from space 12288K, 0% used [0x00000000db700000,0x00000000db700000,0x00000000dc300000)
  to   space 12288K, 0% used [0x00000000de780000,0x00000000de780000,0x00000000df380000)
 ParOldGen       total 88576K, used 15003K [0x0000000080000000, 0x0000000085680000, 0x00000000d5580000)
  object space 88576K, 16% used [0x0000000080000000,0x0000000080ea6d70,0x0000000085680000)
 Metaspace       used 37135K, capacity 38666K, committed 38912K, reserved 1083392K
  class space    used 5233K, capacity 5518K, committed 5632K, reserved 1048576K
Event: 20.301 GC heap after
Heap after GC invocations=12 (full 2):
 PSYoungGen      total 136704K, used 7132K [0x00000000d5580000, 0x00000000dee80000, 0x0000000100000000)
  eden space 129536K, 0% used [0x00000000d5580000,0x00000000d5580000,0x00000000dd400000)
  from space 7168K, 99% used [0x00000000de780000,0x00000000dee77340,0x00000000dee80000)
  to   space 11776K, 0% used [0x00000000dd780000,0x00000000dd780000,0x00000000de300000)
 ParOldGen       total 88576K, used 15003K [0x0000000080000000, 0x0000000085680000, 0x00000000d5580000)
  object space 88576K, 16% used [0x0000000080000000,0x0000000080ea6d70,0x0000000085680000)
 Metaspace       used 37135K, capacity 38666K, committed 38912K, reserved 1083392K
  class space    used 5233K, capacity 5518K, committed 5632K, reserved 1048576K
}
Event: 24.516 GC heap before
{Heap before GC invocations=13 (full 2):
 PSYoungGen      total 136704K, used 136668K [0x00000000d5580000, 0x00000000dee80000, 0x0000000100000000)
  eden space 129536K, 100% used [0x00000000d5580000,0x00000000dd400000,0x00000000dd400000)
  from space 7168K, 99% used [0x00000000de780000,0x00000000dee77340,0x00000000dee80000)
  to   space 11776K, 0% used [0x00000000dd780000,0x00000000dd780000,0x00000000de300000)
 ParOldGen       total 88576K, used 15003K [0x0000000080000000, 0x0000000085680000, 0x00000000d5580000)
  object space 88576K, 16% used [0x0000000080000000,0x0000000080ea6d70,0x0000000085680000)
 Metaspace       used 51280K, capacity 53164K, committed 53248K, reserved 1095680K
  class space    used 6991K, capacity 7392K, committed 7424K, reserved 1048576K
Event: 24.572 GC heap after
Heap after GC invocations=13 (full 2):
 PSYoungGen      total 144896K, used 11756K [0x00000000d5580000, 0x00000000e1880000, 0x0000000100000000)
  eden space 133120K, 0% used [0x00000000d5580000,0x00000000d5580000,0x00000000dd780000)
  from space 11776K, 99% used [0x00000000dd780000,0x00000000de2fb350,0x00000000de300000)
  to   space 16384K, 0% used [0x00000000e0880000,0x00000000e0880000,0x00000000e1880000)
 ParOldGen       total 88576K, used 24307K [0x0000000080000000, 0x0000000085680000, 0x00000000d5580000)
  object space 88576K, 27% used [0x0000000080000000,0x00000000817bcfc8,0x0000000085680000)
 Metaspace       used 51280K, capacity 53164K, committed 53248K, reserved 1095680K
  class space    used 6991K, capacity 7392K, committed 7424K, reserved 1048576K
}
Event: 27.224 GC heap before
{Heap before GC invocations=14 (full 2):
 PSYoungGen      total 144896K, used 101571K [0x00000000d5580000, 0x00000000e1880000, 0x0000000100000000)
  eden space 133120K, 67% used [0x00000000d5580000,0x00000000dad35c38,0x00000000dd780000)
  from space 11776K, 99% used [0x00000000dd780000,0x00000000de2fb350,0x00000000de300000)
  to   space 16384K, 0% used [0x00000000e0880000,0x00000000e0880000,0x00000000e1880000)
 ParOldGen       total 88576K, used 24307K [0x0000000080000000, 0x0000000085680000, 0x00000000d5580000)
  object space 88576K, 27% used [0x0000000080000000,0x00000000817bcfc8,0x0000000085680000)
 Metaspace       used 56835K, capacity 59000K, committed 59136K, reserved 1099776K
  class space    used 7867K, capacity 8327K, committed 8448K, reserved 1048576K
Event: 27.256 GC heap after
Heap after GC invocations=14 (full 2):
 PSYoungGen      total 179200K, used 16375K [0x00000000d5580000, 0x00000000e2380000, 0x0000000100000000)
  eden space 162816K, 0% used [0x00000000d5580000,0x00000000d5580000,0x00000000df480000)
  from space 16384K, 99% used [0x00000000e0880000,0x00000000e187ddc8,0x00000000e1880000)
  to   space 20480K, 0% used [0x00000000df480000,0x00000000df480000,0x00000000e0880000)
 ParOldGen       total 88576K, used 29968K [0x0000000080000000, 0x0000000085680000, 0x00000000d5580000)
  object space 88576K, 33% used [0x0000000080000000,0x0000000081d44378,0x0000000085680000)
 Metaspace       used 56835K, capacity 59000K, committed 59136K, reserved 1099776K
  class space    used 7867K, capacity 8327K, committed 8448K, reserved 1048576K
}
Event: 27.256 GC heap before
{Heap before GC invocations=15 (full 3):
 PSYoungGen      total 179200K, used 16375K [0x00000000d5580000, 0x00000000e2380000, 0x0000000100000000)
  eden space 162816K, 0% used [0x00000000d5580000,0x00000000d5580000,0x00000000df480000)
  from space 16384K, 99% used [0x00000000e0880000,0x00000000e187ddc8,0x00000000e1880000)
  to   space 20480K, 0% used [0x00000000df480000,0x00000000df480000,0x00000000e0880000)
 ParOldGen       total 88576K, used 29968K [0x0000000080000000, 0x0000000085680000, 0x00000000d5580000)
  object space 88576K, 33% used [0x0000000080000000,0x0000000081d44378,0x0000000085680000)
 Metaspace       used 56835K, capacity 59000K, committed 59136K, reserved 1099776K
  class space    used 7867K, capacity 8327K, committed 8448K, reserved 1048576K
Event: 27.804 GC heap after
Heap after GC invocations=15 (full 3):
 PSYoungGen      total 179200K, used 0K [0x00000000d5580000, 0x00000000e2380000, 0x0000000100000000)
  eden space 162816K, 0% used [0x00000000d5580000,0x00000000d5580000,0x00000000df480000)
  from space 16384K, 0% used [0x00000000e0880000,0x00000000e0880000,0x00000000e1880000)
  to   space 20480K, 0% used [0x00000000df480000,0x00000000df480000,0x00000000e0880000)
 ParOldGen       total 88576K, used 34566K [0x0000000080000000, 0x0000000085680000, 0x00000000d5580000)
  object space 88576K, 39% used [0x0000000080000000,0x00000000821c19a8,0x0000000085680000)
 Metaspace       used 56835K, capacity 59000K, committed 59136K, reserved 1099776K
  class space    used 7867K, capacity 8327K, committed 8448K, reserved 1048576K
}
Event: 33.004 GC heap before
{Heap before GC invocations=16 (full 3):
 PSYoungGen      total 179200K, used 162816K [0x00000000d5580000, 0x00000000e2380000, 0x0000000100000000)
  eden space 162816K, 100% used [0x00000000d5580000,0x00000000df480000,0x00000000df480000)
  from space 16384K, 0% used [0x00000000e0880000,0x00000000e0880000,0x00000000e1880000)
  to   space 20480K, 0% used [0x00000000df480000,0x00000000df480000,0x00000000e0880000)
 ParOldGen       total 88576K, used 34566K [0x0000000080000000, 0x0000000085680000, 0x00000000d5580000)
  object space 88576K, 39% used [0x0000000080000000,0x00000000821c19a8,0x0000000085680000)
 Metaspace       used 65628K, capacity 68388K, committed 68736K, reserved 1107968K
  class space    used 9229K, capacity 9755K, committed 9856K, reserved 1048576K
Event: 33.058 GC heap after
Heap after GC invocations=16 (full 3):
 PSYoungGen      total 183296K, used 15991K [0x00000000d5580000, 0x00000000e2380000, 0x0000000100000000)
  eden space 162816K, 0% used [0x00000000d5580000,0x00000000d5580000,0x00000000df480000)
  from space 20480K, 78% used [0x00000000df480000,0x00000000e041dc80,0x00000000e0880000)
  to   space 16384K, 0% used [0x00000000e0880000,0x00000000e0880000,0x00000000e1880000)
 ParOldGen       total 88576K, used 34574K [0x0000000080000000, 0x0000000085680000, 0x00000000d5580000)
  object space 88576K, 39% used [0x0000000080000000,0x00000000821c39a8,0x0000000085680000)
 Metaspace       used 65628K, capacity 68388K, committed 68736K, reserved 1107968K
  class space    used 9229K, capacity 9755K, committed 9856K, reserved 1048576K
}

