# JRE version: Java(TM) SE Runtime Environment (8.0_171-b11) (build 1.8.0_171-b11)
# Java VM: Java HotSpot(TM) 64-Bit Server VM (25.171-b11 mixed mode windows-amd64 compressed oops)
Heap:
 PSYoungGen      total 217600K, used 52380K [0x00000000d5580000, 0x00000000e4080000, 0x0000000100000000)
  eden space 196096K, 20% used [0x00000000d5580000,0x00000000d7bfe398,0x00000000e1500000)
  from space 21504K, 60% used [0x00000000e2a00000,0x00000000e36a8d60,0x00000000e3f00000)
  to   space 21504K, 0% used [0x00000000e1500000,0x00000000e1500000,0x00000000e2a00000)
 ParOldGen       total 124416K, used 55665K [0x0000000080000000, 0x0000000087980000, 0x00000000d5580000)
  object space 124416K, 44% used [0x0000000080000000,0x000000008365c650,0x0000000087980000)
 Metaspace       used 78406K, capacity 82946K, committed 83200K, reserved 1120256K
  class space    used 10977K, capacity 11765K, committed 11776K, reserved 1048576K
GC Heap History (10 events):
Event: 29.981 GC heap before
{Heap before GC invocations=17 (full 2):
 PSYoungGen      total 141312K, used 129478K [0x00000000d5580000, 0x00000000df780000, 0x0000000100000000)
  eden space 130048K, 90% used [0x00000000d5580000,0x00000000dc8f4608,0x00000000dd480000)
  from space 11264K, 99% used [0x00000000de300000,0x00000000dedfd3b0,0x00000000dee00000)
  to   space 14848K, 0% used [0x00000000dd480000,0x00000000dd480000,0x00000000de300000)
 ParOldGen       total 79872K, used 20791K [0x0000000080000000, 0x0000000084e00000, 0x00000000d5580000)
  object space 79872K, 26% used [0x0000000080000000,0x000000008144df50,0x0000000084e00000)
 Metaspace       used 56529K, capacity 59002K, committed 59028K, reserved 1099776K
  class space    used 7720K, capacity 8169K, committed 8192K, reserved 1048576K
Event: 30.061 GC heap after
Heap after GC invocations=17 (full 2):
 PSYoungGen      total 144896K, used 11580K [0x00000000d5580000, 0x00000000e1f80000, 0x0000000100000000)
  eden space 130048K, 0% used [0x00000000d5580000,0x00000000d5580000,0x00000000dd480000)
  from space 14848K, 77% used [0x00000000dd480000,0x00000000ddfcf088,0x00000000de300000)
  to   space 15872K, 0% used [0x00000000e1000000,0x00000000e1000000,0x00000000e1f80000)
 ParOldGen       total 79872K, used 26570K [0x0000000080000000, 0x0000000084e00000, 0x00000000d5580000)
  object space 79872K, 33% used [0x0000000080000000,0x00000000819f29d0,0x0000000084e00000)
 Metaspace       used 56529K, capacity 59002K, committed 59028K, reserved 1099776K
  class space    used 7720K, capacity 8169K, committed 8192K, reserved 1048576K
}
Event: 30.061 GC heap before
{Heap before GC invocations=18 (full 3):
 PSYoungGen      total 144896K, used 11580K [0x00000000d5580000, 0x00000000e1f80000, 0x0000000100000000)
  eden space 130048K, 0% used [0x00000000d5580000,0x00000000d5580000,0x00000000dd480000)
  from space 14848K, 77% used [0x00000000dd480000,0x00000000ddfcf088,0x00000000de300000)
  to   space 15872K, 0% used [0x00000000e1000000,0x00000000e1000000,0x00000000e1f80000)
 ParOldGen       total 79872K, used 26570K [0x0000000080000000, 0x0000000084e00000, 0x00000000d5580000)
  object space 79872K, 33% used [0x0000000080000000,0x00000000819f29d0,0x0000000084e00000)
 Metaspace       used 56529K, capacity 59002K, committed 59028K, reserved 1099776K
  class space    used 7720K, capacity 8169K, committed 8192K, reserved 1048576K
Event: 30.662 GC heap after
Heap after GC invocations=18 (full 3):
 PSYoungGen      total 144896K, used 0K [0x00000000d5580000, 0x00000000e1f80000, 0x0000000100000000)
  eden space 130048K, 0% used [0x00000000d5580000,0x00000000d5580000,0x00000000dd480000)
  from space 14848K, 0% used [0x00000000dd480000,0x00000000dd480000,0x00000000de300000)
  to   space 15872K, 0% used [0x00000000e1000000,0x00000000e1000000,0x00000000e1f80000)
 ParOldGen       total 124416K, used 35995K [0x0000000080000000, 0x0000000087980000, 0x00000000d5580000)
  object space 124416K, 28% used [0x0000000080000000,0x0000000082326d28,0x0000000087980000)
 Metaspace       used 56529K, capacity 59002K, committed 59028K, reserved 1099776K
  class space    used 7720K, capacity 8169K, committed 8192K, reserved 1048576K
}
Event: 34.562 GC heap before
{Heap before GC invocations=19 (full 3):
 PSYoungGen      total 144896K, used 130048K [0x00000000d5580000, 0x00000000e1f80000, 0x0000000100000000)
  eden space 130048K, 100% used [0x00000000d5580000,0x00000000dd480000,0x00000000dd480000)
  from space 14848K, 0% used [0x00000000dd480000,0x00000000dd480000,0x00000000de300000)
  to   space 15872K, 0% used [0x00000000e1000000,0x00000000e1000000,0x00000000e1f80000)
 ParOldGen       total 124416K, used 35995K [0x0000000080000000, 0x0000000087980000, 0x00000000d5580000)
  object space 124416K, 28% used [0x0000000080000000,0x0000000082326d28,0x0000000087980000)
 Metaspace       used 66727K, capacity 70228K, committed 70528K, reserved 1110016K
  class space    used 9382K, capacity 10043K, committed 10112K, reserved 1048576K
Event: 34.595 GC heap after
Heap after GC invocations=19 (full 3):
 PSYoungGen      total 181760K, used 14685K [0x00000000d5580000, 0x00000000e1e80000, 0x0000000100000000)
  eden space 166912K, 0% used [0x00000000d5580000,0x00000000d5580000,0x00000000df880000)
  from space 14848K, 98% used [0x00000000e1000000,0x00000000e1e57560,0x00000000e1e80000)
  to   space 17920K, 0% used [0x00000000dfb80000,0x00000000dfb80000,0x00000000e0d00000)
 ParOldGen       total 124416K, used 36003K [0x0000000080000000, 0x0000000087980000, 0x00000000d5580000)
  object space 124416K, 28% used [0x0000000080000000,0x0000000082328d28,0x0000000087980000)
 Metaspace       used 66727K, capacity 70228K, committed 70528K, reserved 1110016K
  class space    used 9382K, capacity 10043K, committed 10112K, reserved 1048576K
}
Event: 39.088 GC heap before
{Heap before GC invocations=20 (full 3):
 PSYoungGen      total 181760K, used 181597K [0x00000000d5580000, 0x00000000e1e80000, 0x0000000100000000)
  eden space 166912K, 100% used [0x00000000d5580000,0x00000000df880000,0x00000000df880000)
  from space 14848K, 98% used [0x00000000e1000000,0x00000000e1e57560,0x00000000e1e80000)
  to   space 17920K, 0% used [0x00000000dfb80000,0x00000000dfb80000,0x00000000e0d00000)
 ParOldGen       total 124416K, used 36003K [0x0000000080000000, 0x0000000087980000, 0x00000000d5580000)
  object space 124416K, 28% used [0x0000000080000000,0x0000000082328d28,0x0000000087980000)
 Metaspace       used 70986K, capacity 75112K, committed 75264K, reserved 1114112K
  class space    used 9940K, capacity 10635K, committed 10752K, reserved 1048576K
Event: 39.131 GC heap after
Heap after GC invocations=20 (full 3):
 PSYoungGen      total 187904K, used 17901K [0x00000000d5580000, 0x00000000e3f00000, 0x0000000100000000)
  eden space 169984K, 0% used [0x00000000d5580000,0x00000000d5580000,0x00000000dfb80000)
  from space 17920K, 99% used [0x00000000dfb80000,0x00000000e0cfb510,0x00000000e0d00000)
  to   space 21504K, 0% used [0x00000000e2a00000,0x00000000e2a00000,0x00000000e3f00000)
 ParOldGen       total 124416K, used 38385K [0x0000000080000000, 0x0000000087980000, 0x00000000d5580000)
  object space 124416K, 30% used [0x0000000080000000,0x000000008257c750,0x0000000087980000)
 Metaspace       used 70986K, capacity 75112K, committed 75264K, reserved 1114112K
  class space    used 9940K, capacity 10635K, committed 10752K, reserved 1048576K
}
Event: 60.228 GC heap before
{Heap before GC invocations=21 (full 3):
 PSYoungGen      total 187904K, used 187885K [0x00000000d5580000, 0x00000000e3f00000, 0x0000000100000000)
  eden space 169984K, 100% used [0x00000000d5580000,0x00000000dfb80000,0x00000000dfb80000)
  from space 17920K, 99% used [0x00000000dfb80000,0x00000000e0cfb510,0x00000000e0d00000)
  to   space 21504K, 0% used [0x00000000e2a00000,0x00000000e2a00000,0x00000000e3f00000)
 ParOldGen       total 124416K, used 38385K [0x0000000080000000, 0x0000000087980000, 0x00000000d5580000)
  object space 124416K, 30% used [0x0000000080000000,0x000000008257c750,0x0000000087980000)
 Metaspace       used 78182K, capacity 82610K, committed 82688K, reserved 1120256K
  class space    used 10962K, capacity 11727K, committed 11776K, reserved 1048576K
Event: 60.488 GC heap after
Heap after GC invocations=21 (full 3):
 PSYoungGen      total 217600K, used 12963K [0x00000000d5580000, 0x00000000e4080000, 0x0000000100000000)
  eden space 196096K, 0% used [0x00000000d5580000,0x00000000d5580000,0x00000000e1500000)
  from space 21504K, 60% used [0x00000000e2a00000,0x00000000e36a8d60,0x00000000e3f00000)
  to   space 21504K, 0% used [0x00000000e1500000,0x00000000e1500000,0x00000000e2a00000)
 ParOldGen       total 124416K, used 55665K [0x0000000080000000, 0x0000000087980000, 0x00000000d5580000)
  object space 124416K, 44% used [0x0000000080000000,0x000000008365c650,0x0000000087980000)
 Metaspace       used 78182K, capacity 82610K, committed 82688K, reserved 1120256K
  class space    used 10962K, capacity 11727K, committed 11776K, reserved 1048576K
}

